build/app/intermediates/manifest_merge_blame_file/release/manifest-merger-blame-release-report.txt
1<?xml version="1.0" encoding="utf-8"?>
2<manifest xmlns:android="http://schemas.android.com/apk/res/android"
3    package="com.example.klench_"
4    android:versionCode="1"
5    android:versionName="1.0.0" >
6
7    <uses-sdk
8        android:minSdkVersion="27"
8-->src/main/AndroidManifest.xml
9        android:targetSdkVersion="32" />
9-->src/main/AndroidManifest.xml
10
11    <uses-permission android:name="android.permission.INTERNET" />
11-->src/main/AndroidManifest.xml:4:5-67
11-->src/main/AndroidManifest.xml:4:22-64
12    <uses-permission android:name="android.permission.USE_FINGERPRINT" />
12-->src/main/AndroidManifest.xml:5:5-73
12-->src/main/AndroidManifest.xml:5:22-71
13    <uses-permission android:name="android.permission.VIBRATE" />
13-->src/main/AndroidManifest.xml:6:5-65
13-->src/main/AndroidManifest.xml:6:22-63
14    <uses-permission android:name="android.permission.ACCESS_NETWORK_STATE" />
14-->src/main/AndroidManifest.xml:7:5-79
14-->src/main/AndroidManifest.xml:7:22-76
15    <uses-permission android:name="com.android.alarm.permission.SET_ALARM" />
15-->[:flutter_alarm_clock] AndroidManifest.xml:7:5-78
15-->[:flutter_alarm_clock] AndroidManifest.xml:7:22-75
16    <uses-permission android:name="android.permission.WAKE_LOCK" />
16-->[:firebase_messaging] AndroidManifest.xml:8:5-68
16-->[:firebase_messaging] AndroidManifest.xml:8:22-65
17    <uses-permission android:name="android.permission.RECEIVE_BOOT_COMPLETED" />
17-->[:flutter_local_notifications] AndroidManifest.xml:7:5-81
17-->[:flutter_local_notifications] AndroidManifest.xml:7:22-78
18    <uses-permission android:name="android.permission.USE_FULL_SCREEN_INTENT" />
18-->[:flutter_local_notifications] AndroidManifest.xml:9:5-81
18-->[:flutter_local_notifications] AndroidManifest.xml:9:22-78
19    <uses-permission android:name="android.permission.SCHEDULE_EXACT_ALARM" />
19-->[:flutter_local_notifications] AndroidManifest.xml:10:5-79
19-->[:flutter_local_notifications] AndroidManifest.xml:10:22-76
20    <uses-permission android:name="android.permission.POST_NOTIFICATIONS" />
20-->[:flutter_local_notifications] AndroidManifest.xml:11:5-77
20-->[:flutter_local_notifications] AndroidManifest.xml:11:22-74
21    <uses-permission android:name="android.permission.USE_BIOMETRIC" />
21-->[:local_auth_android] AndroidManifest.xml:9:5-72
21-->[:local_auth_android] AndroidManifest.xml:9:22-69
22
23    <queries>
23-->[com.facebook.android:facebook-common:15.0.1] AndroidManifest.xml:29:5-31:15
24        <package android:name="com.facebook.katana" />
24-->[com.facebook.android:facebook-common:15.0.1] AndroidManifest.xml:30:9-55
24-->[com.facebook.android:facebook-common:15.0.1] AndroidManifest.xml:30:18-52
25    </queries> <!-- Required by older versions of Google Play services to create IID tokens -->
26    <uses-permission android:name="com.google.android.c2dm.permission.RECEIVE" />
26-->[com.google.firebase:firebase-messaging:23.0.8] AndroidManifest.xml:29:5-82
26-->[com.google.firebase:firebase-messaging:23.0.8] AndroidManifest.xml:29:22-79
27    <uses-permission android:name="com.google.android.gms.permission.AD_ID" />
27-->[com.facebook.android:facebook-core:15.0.1] AndroidManifest.xml:28:5-79
27-->[com.facebook.android:facebook-core:15.0.1] AndroidManifest.xml:28:22-76
28    <uses-permission android:name="android.permission.REORDER_TASKS" />
28-->[androidx.test:core:1.4.0] AndroidManifest.xml:24:5-72
28-->[androidx.test:core:1.4.0] AndroidManifest.xml:24:22-69
29    <uses-permission android:name="android.permission.CAMERA" /> <!-- Don't require camera, as this requires a rear camera. This allows it to work on the Nexus 7 -->
29-->[com.journeyapps:zxing-android-embedded:4.3.0] AndroidManifest.xml:22:5-65
29-->[com.journeyapps:zxing-android-embedded:4.3.0] AndroidManifest.xml:22:22-62
30    <uses-feature
30-->[com.journeyapps:zxing-android-embedded:4.3.0] AndroidManifest.xml:25:5-27:36
31        android:name="android.hardware.camera"
31-->[com.journeyapps:zxing-android-embedded:4.3.0] AndroidManifest.xml:26:9-47
32        android:required="false" />
32-->[com.journeyapps:zxing-android-embedded:4.3.0] AndroidManifest.xml:27:9-33
33    <uses-feature
33-->[com.journeyapps:zxing-android-embedded:4.3.0] AndroidManifest.xml:28:5-30:36
34        android:name="android.hardware.camera.front"
34-->[com.journeyapps:zxing-android-embedded:4.3.0] AndroidManifest.xml:29:9-53
35        android:required="false" /> <!-- TODO replace above two with next line after Android 4.2 -->
35-->[com.journeyapps:zxing-android-embedded:4.3.0] AndroidManifest.xml:30:9-33
36    <!-- <uses-feature android:name="android.hardware.camera.any"/> -->
37    <uses-feature
37-->[com.journeyapps:zxing-android-embedded:4.3.0] AndroidManifest.xml:33:5-35:36
38        android:name="android.hardware.camera.autofocus"
38-->[com.journeyapps:zxing-android-embedded:4.3.0] AndroidManifest.xml:34:9-57
39        android:required="false" />
39-->[com.journeyapps:zxing-android-embedded:4.3.0] AndroidManifest.xml:35:9-33
40    <uses-feature
40-->[com.journeyapps:zxing-android-embedded:4.3.0] AndroidManifest.xml:36:5-38:36
41        android:name="android.hardware.camera.flash"
41-->[com.journeyapps:zxing-android-embedded:4.3.0] AndroidManifest.xml:37:9-53
42        android:required="false" />
42-->[com.journeyapps:zxing-android-embedded:4.3.0] AndroidManifest.xml:38:9-33
43    <uses-feature
43-->[com.journeyapps:zxing-android-embedded:4.3.0] AndroidManifest.xml:39:5-41:36
44        android:name="android.hardware.screen.landscape"
44-->[com.journeyapps:zxing-android-embedded:4.3.0] AndroidManifest.xml:40:9-57
45        android:required="false" />
45-->[com.journeyapps:zxing-android-embedded:4.3.0] AndroidManifest.xml:41:9-33
46    <uses-feature
46-->[com.journeyapps:zxing-android-embedded:4.3.0] AndroidManifest.xml:42:5-44:36
47        android:name="android.hardware.wifi"
47-->[com.journeyapps:zxing-android-embedded:4.3.0] AndroidManifest.xml:43:9-45
48        android:required="false" />
48-->[com.journeyapps:zxing-android-embedded:4.3.0] AndroidManifest.xml:44:9-33
49
50    <uses-permission android:name="com.google.android.finsky.permission.BIND_GET_INSTALL_REFERRER_SERVICE" /> <!-- <uses-feature android:name="android.hardware.fingerprint" android:required="true" /> -->
50-->[com.android.installreferrer:installreferrer:1.0] AndroidManifest.xml:9:5-110
50-->[com.android.installreferrer:installreferrer:1.0] AndroidManifest.xml:9:22-107
51    <application
52        android:name="android.app.Application"
52-->src/main/AndroidManifest.xml:14:9-42
53        android:appComponentFactory="androidx.core.app.CoreComponentFactory"
53-->[androidx.core:core:1.8.0] AndroidManifest.xml:24:18-86
54        android:extractNativeLibs="false"
55        android:icon="@mipmap/ic_launcher"
55-->src/main/AndroidManifest.xml:15:9-43
56        android:label="klench_12"
56-->src/main/AndroidManifest.xml:13:9-34
57        android:supportsRtl="true"
57-->[com.facebook.android:facebook-android-sdk:15.0.1] AndroidManifest.xml:28:18-44
58        android:usesCleartextTraffic="true" >
58-->src/main/AndroidManifest.xml:16:9-44
59        <activity
59-->src/main/AndroidManifest.xml:18:9-66:20
60            android:name="com.example.klench_.MainActivity"
60-->src/main/AndroidManifest.xml:19:13-41
61            android:configChanges="orientation|keyboardHidden|keyboard|screenSize|smallestScreenSize|locale|layoutDirection|fontScale|screenLayout|density|uiMode"
61-->src/main/AndroidManifest.xml:23:13-163
62            android:exported="true"
62-->src/main/AndroidManifest.xml:20:13-36
63            android:hardwareAccelerated="true"
63-->src/main/AndroidManifest.xml:24:13-47
64            android:launchMode="singleTop"
64-->src/main/AndroidManifest.xml:21:13-43
65            android:requestLegacyExternalStorage="true"
65-->src/main/AndroidManifest.xml:25:13-56
66            android:theme="@style/LaunchTheme"
66-->src/main/AndroidManifest.xml:22:13-47
67            android:usesCleartextTraffic="true"
67-->src/main/AndroidManifest.xml:26:13-48
68            android:windowSoftInputMode="adjustResize" >
68-->src/main/AndroidManifest.xml:27:13-55
69
70            <!--
71                 Specifies an Android theme to apply to this Activity as soon as
72                 the Android process has started. This theme is visible to the user
73                 while the Flutter UI initializes. After that, this theme continues
74                 to determine the Window background behind the Flutter UI.
75            -->
76
77            <meta-data
77-->src/main/AndroidManifest.xml:33:13-35:59
78                android:name="com.facebook.sdk.ApplicationId"
78-->src/main/AndroidManifest.xml:34:17-62
79                android:value="@string/facebook_app_id" />
79-->src/main/AndroidManifest.xml:35:17-56
80            <meta-data
80-->src/main/AndroidManifest.xml:36:13-38:65
81                android:name="com.facebook.sdk.ClientToken"
81-->src/main/AndroidManifest.xml:37:17-60
82                android:value="@string/facebook_client_token" />
82-->src/main/AndroidManifest.xml:38:17-62
83            <meta-data
83-->src/main/AndroidManifest.xml:39:13-42:17
84                android:name="io.flutter.embedding.android.NormalTheme"
84-->src/main/AndroidManifest.xml:40:15-70
85                android:resource="@style/NormalTheme" />
85-->src/main/AndroidManifest.xml:41:15-52
86            <meta-data
86-->src/main/AndroidManifest.xml:39:13-42:17
87                android:name="io.flutter.embedding.android.NormalTheme"
87-->src/main/AndroidManifest.xml:40:15-70
88                android:resource="@style/NormalTheme" />
88-->src/main/AndroidManifest.xml:41:15-52
89
90            <intent-filter>
90-->src/main/AndroidManifest.xml:48:13-57:29
91                <action android:name="android.intent.action.MAIN" />
91-->src/main/AndroidManifest.xml:49:17-69
91-->src/main/AndroidManifest.xml:49:25-66
92
93                <category android:name="android.intent.category.LAUNCHER" />
93-->src/main/AndroidManifest.xml:50:17-77
93-->src/main/AndroidManifest.xml:50:27-74
94
95                <action android:name="android.intent.action.VIEW" />
95-->src/main/AndroidManifest.xml:51:17-69
95-->src/main/AndroidManifest.xml:51:25-66
96
97                <category android:name="android.intent.category.DEFAULT" />
97-->src/main/AndroidManifest.xml:53:17-76
97-->src/main/AndroidManifest.xml:53:27-73
98                <category android:name="android.intent.category.BROWSABLE" />
98-->src/main/AndroidManifest.xml:54:17-78
98-->src/main/AndroidManifest.xml:54:27-75
99
100                <data android:scheme="@string/fb_login_protocol_scheme" />
100-->src/main/AndroidManifest.xml:56:17-75
100-->src/main/AndroidManifest.xml:56:23-72
101            </intent-filter>
102            <intent-filter>
102-->src/main/AndroidManifest.xml:58:13-61:29
103                <action android:name="android.intent.action.MAIN" />
103-->src/main/AndroidManifest.xml:49:17-69
103-->src/main/AndroidManifest.xml:49:25-66
104
105                <category android:name="android.intent.category.LAUNCHER" />
105-->src/main/AndroidManifest.xml:50:17-77
105-->src/main/AndroidManifest.xml:50:27-74
106            </intent-filter>
107            <intent-filter>
107-->src/main/AndroidManifest.xml:62:13-65:29
108                <action android:name="FLUTTER_NOTIFICATION_CLICK" />
108-->src/main/AndroidManifest.xml:63:17-68
108-->src/main/AndroidManifest.xml:63:25-66
109
110                <category android:name="android.intent.category.DEFAULT" />
110-->src/main/AndroidManifest.xml:53:17-76
110-->src/main/AndroidManifest.xml:53:27-73
111            </intent-filter>
112        </activity>
113        <!--
114             Don't delete the meta-data below.
115             This is used by the Flutter tool to generate GeneratedPluginRegistrant.java
116        -->
117        <meta-data
117-->src/main/AndroidManifest.xml:69:9-71:33
118            android:name="flutterEmbedding"
118-->src/main/AndroidManifest.xml:70:13-44
119            android:value="2" />
119-->src/main/AndroidManifest.xml:71:13-30
120
121        <service
121-->[:firebase_messaging] AndroidManifest.xml:12:9-15:72
122            android:name="io.flutter.plugins.firebase.messaging.FlutterFirebaseMessagingBackgroundService"
122-->[:firebase_messaging] AndroidManifest.xml:13:13-107
123            android:exported="false"
123-->[:firebase_messaging] AndroidManifest.xml:14:13-37
124            android:permission="android.permission.BIND_JOB_SERVICE" />
124-->[:firebase_messaging] AndroidManifest.xml:15:13-69
125        <service
125-->[:firebase_messaging] AndroidManifest.xml:16:9-22:19
126            android:name="io.flutter.plugins.firebase.messaging.FlutterFirebaseMessagingService"
126-->[:firebase_messaging] AndroidManifest.xml:17:13-97
127            android:exported="false" >
127-->[:firebase_messaging] AndroidManifest.xml:18:13-37
128            <intent-filter>
128-->[:firebase_messaging] AndroidManifest.xml:19:13-21:29
129                <action android:name="com.google.firebase.MESSAGING_EVENT" />
129-->[:firebase_messaging] AndroidManifest.xml:20:17-78
129-->[:firebase_messaging] AndroidManifest.xml:20:25-75
130            </intent-filter>
131        </service>
132
133        <receiver
133-->[:firebase_messaging] AndroidManifest.xml:24:9-31:20
134            android:name="io.flutter.plugins.firebase.messaging.FlutterFirebaseMessagingReceiver"
134-->[:firebase_messaging] AndroidManifest.xml:25:13-98
135            android:exported="true"
135-->[:firebase_messaging] AndroidManifest.xml:26:13-36
136            android:permission="com.google.android.c2dm.permission.SEND" >
136-->[:firebase_messaging] AndroidManifest.xml:27:13-73
137            <intent-filter>
137-->[:firebase_messaging] AndroidManifest.xml:28:13-30:29
138                <action android:name="com.google.android.c2dm.intent.RECEIVE" />
138-->[:firebase_messaging] AndroidManifest.xml:29:17-81
138-->[:firebase_messaging] AndroidManifest.xml:29:25-78
139            </intent-filter>
140        </receiver>
141
142        <service
142-->[:firebase_messaging] AndroidManifest.xml:33:9-37:19
143            android:name="com.google.firebase.components.ComponentDiscoveryService"
143-->[:firebase_messaging] AndroidManifest.xml:33:18-89
144            android:directBootAware="true"
144-->[com.google.firebase:firebase-common:20.1.2] AndroidManifest.xml:35:13-43
145            android:exported="false" >
145-->[com.google.firebase:firebase-auth:21.0.8] AndroidManifest.xml:66:13-37
146            <meta-data
146-->[:firebase_messaging] AndroidManifest.xml:34:13-36:85
147                android:name="com.google.firebase.components:io.flutter.plugins.firebase.messaging.FlutterFirebaseAppRegistrar"
147-->[:firebase_messaging] AndroidManifest.xml:35:17-128
148                android:value="com.google.firebase.components.ComponentRegistrar" />
148-->[:firebase_messaging] AndroidManifest.xml:36:17-82
149            <meta-data
149-->[:cloud_firestore] AndroidManifest.xml:9:13-11:85
150                android:name="com.google.firebase.components:io.flutter.plugins.firebase.firestore.FlutterFirebaseFirestoreRegistrar"
150-->[:cloud_firestore] AndroidManifest.xml:10:17-134
151                android:value="com.google.firebase.components.ComponentRegistrar" />
151-->[:cloud_firestore] AndroidManifest.xml:11:17-82
152            <meta-data
152-->[:cloud_functions] AndroidManifest.xml:9:13-11:85
153                android:name="com.google.firebase.components:io.flutter.plugins.firebase.functions.FlutterFirebaseAppRegistrar"
153-->[:cloud_functions] AndroidManifest.xml:10:17-128
154                android:value="com.google.firebase.components.ComponentRegistrar" />
154-->[:cloud_functions] AndroidManifest.xml:11:17-82
155            <meta-data
155-->[:firebase_auth] AndroidManifest.xml:9:13-11:85
156                android:name="com.google.firebase.components:io.flutter.plugins.firebase.auth.FlutterFirebaseAuthRegistrar"
156-->[:firebase_auth] AndroidManifest.xml:10:17-124
157                android:value="com.google.firebase.components.ComponentRegistrar" />
157-->[:firebase_auth] AndroidManifest.xml:11:17-82
158            <meta-data
158-->[:firebase_core] AndroidManifest.xml:9:13-11:85
159                android:name="com.google.firebase.components:io.flutter.plugins.firebase.core.FlutterFirebaseCoreRegistrar"
159-->[:firebase_core] AndroidManifest.xml:10:17-124
160                android:value="com.google.firebase.components.ComponentRegistrar" />
160-->[:firebase_core] AndroidManifest.xml:11:17-82
161            <meta-data
161-->[com.google.firebase:firebase-auth:21.0.8] AndroidManifest.xml:67:13-69:85
162                android:name="com.google.firebase.components:com.google.firebase.auth.FirebaseAuthRegistrar"
162-->[com.google.firebase:firebase-auth:21.0.8] AndroidManifest.xml:68:17-109
163                android:value="com.google.firebase.components.ComponentRegistrar" />
163-->[com.google.firebase:firebase-auth:21.0.8] AndroidManifest.xml:69:17-82
164            <meta-data
164-->[com.google.firebase:firebase-functions:20.1.1] AndroidManifest.xml:18:13-20:85
165                android:name="com.google.firebase.components:com.google.firebase.functions.FunctionsRegistrar"
165-->[com.google.firebase:firebase-functions:20.1.1] AndroidManifest.xml:19:17-111
166                android:value="com.google.firebase.components.ComponentRegistrar" />
166-->[com.google.firebase:firebase-functions:20.1.1] AndroidManifest.xml:20:17-82
167            <meta-data
167-->[com.google.firebase:firebase-firestore:24.3.1] AndroidManifest.xml:20:13-22:85
168                android:name="com.google.firebase.components:com.google.firebase.firestore.FirestoreRegistrar"
168-->[com.google.firebase:firebase-firestore:24.3.1] AndroidManifest.xml:21:17-111
169                android:value="com.google.firebase.components.ComponentRegistrar" />
169-->[com.google.firebase:firebase-firestore:24.3.1] AndroidManifest.xml:22:17-82
170            <meta-data
170-->[com.google.firebase:firebase-messaging:23.0.8] AndroidManifest.xml:56:13-58:85
171                android:name="com.google.firebase.components:com.google.firebase.messaging.FirebaseMessagingRegistrar"
171-->[com.google.firebase:firebase-messaging:23.0.8] AndroidManifest.xml:57:17-119
172                android:value="com.google.firebase.components.ComponentRegistrar" />
172-->[com.google.firebase:firebase-messaging:23.0.8] AndroidManifest.xml:58:17-82
173            <meta-data
173-->[com.google.firebase:firebase-iid:21.1.0] AndroidManifest.xml:32:13-34:85
174                android:name="com.google.firebase.components:com.google.firebase.iid.Registrar"
174-->[com.google.firebase:firebase-iid:21.1.0] AndroidManifest.xml:33:17-96
175                android:value="com.google.firebase.components.ComponentRegistrar" />
175-->[com.google.firebase:firebase-iid:21.1.0] AndroidManifest.xml:34:17-82
176            <meta-data
176-->[com.google.firebase:firebase-datatransport:18.1.6] AndroidManifest.xml:28:13-30:85
177                android:name="com.google.firebase.components:com.google.firebase.datatransport.TransportRegistrar"
177-->[com.google.firebase:firebase-datatransport:18.1.6] AndroidManifest.xml:29:17-115
178                android:value="com.google.firebase.components.ComponentRegistrar" />
178-->[com.google.firebase:firebase-datatransport:18.1.6] AndroidManifest.xml:30:17-82
179            <meta-data
179-->[com.google.firebase:firebase-installations:17.0.3] AndroidManifest.xml:18:13-20:85
180                android:name="com.google.firebase.components:com.google.firebase.installations.FirebaseInstallationsRegistrar"
180-->[com.google.firebase:firebase-installations:17.0.3] AndroidManifest.xml:19:17-127
181                android:value="com.google.firebase.components.ComponentRegistrar" />
181-->[com.google.firebase:firebase-installations:17.0.3] AndroidManifest.xml:20:17-82
182        </service>
183
184        <provider
184-->[:firebase_messaging] AndroidManifest.xml:39:9-43:38
185            android:name="io.flutter.plugins.firebase.messaging.FlutterFirebaseMessagingInitProvider"
185-->[:firebase_messaging] AndroidManifest.xml:40:13-102
186            android:authorities="com.example.klench_.flutterfirebasemessaginginitprovider"
186-->[:firebase_messaging] AndroidManifest.xml:41:13-88
187            android:exported="false"
187-->[:firebase_messaging] AndroidManifest.xml:42:13-37
188            android:initOrder="99" />
188-->[:firebase_messaging] AndroidManifest.xml:43:13-35
189
190        <receiver
190-->[:flutter_local_notifications] AndroidManifest.xml:14:9-16:40
191            android:name="com.dexterous.flutterlocalnotifications.ScheduledNotificationReceiver"
191-->[:flutter_local_notifications] AndroidManifest.xml:15:13-97
192            android:exported="false" />
192-->[:flutter_local_notifications] AndroidManifest.xml:16:13-37
193        <receiver
193-->[:flutter_local_notifications] AndroidManifest.xml:17:9-26:20
194            android:name="com.dexterous.flutterlocalnotifications.ScheduledNotificationBootReceiver"
194-->[:flutter_local_notifications] AndroidManifest.xml:18:13-101
195            android:exported="false" >
195-->[:flutter_local_notifications] AndroidManifest.xml:19:13-37
196            <intent-filter>
196-->[:flutter_local_notifications] AndroidManifest.xml:20:13-25:29
197                <action android:name="android.intent.action.BOOT_COMPLETED" />
197-->[:flutter_local_notifications] AndroidManifest.xml:21:17-79
197-->[:flutter_local_notifications] AndroidManifest.xml:21:25-76
198                <action android:name="android.intent.action.MY_PACKAGE_REPLACED" />
198-->[:flutter_local_notifications] AndroidManifest.xml:22:17-84
198-->[:flutter_local_notifications] AndroidManifest.xml:22:25-81
199                <action android:name="android.intent.action.QUICKBOOT_POWERON" />
199-->[:flutter_local_notifications] AndroidManifest.xml:23:17-82
199-->[:flutter_local_notifications] AndroidManifest.xml:23:25-79
200                <action android:name="com.htc.intent.action.QUICKBOOT_POWERON" />
200-->[:flutter_local_notifications] AndroidManifest.xml:24:17-82
200-->[:flutter_local_notifications] AndroidManifest.xml:24:25-79
201            </intent-filter>
202        </receiver>
203
204        <provider
204-->[:share_plus] AndroidManifest.xml:8:9-16:20
205            android:name="dev.fluttercommunity.plus.share.ShareFileProvider"
205-->[:share_plus] AndroidManifest.xml:9:13-77
206            android:authorities="com.example.klench_.flutter.share_provider"
206-->[:share_plus] AndroidManifest.xml:10:13-74
207            android:exported="false"
207-->[:share_plus] AndroidManifest.xml:11:13-37
208            android:grantUriPermissions="true" >
208-->[:share_plus] AndroidManifest.xml:12:13-47
209            <meta-data
209-->[:share_plus] AndroidManifest.xml:13:13-15:68
210                android:name="android.support.FILE_PROVIDER_PATHS"
210-->[:share_plus] AndroidManifest.xml:14:17-67
211                android:resource="@xml/flutter_share_file_paths" />
211-->[:share_plus] AndroidManifest.xml:15:17-65
212        </provider>
213        <provider
213-->[:image_picker_android] AndroidManifest.xml:8:9-16:20
214            android:name="io.flutter.plugins.imagepicker.ImagePickerFileProvider"
214-->[:image_picker_android] AndroidManifest.xml:9:13-82
215            android:authorities="com.example.klench_.flutter.image_provider"
215-->[:image_picker_android] AndroidManifest.xml:10:13-74
216            android:exported="false"
216-->[:image_picker_android] AndroidManifest.xml:11:13-37
217            android:grantUriPermissions="true" >
217-->[:image_picker_android] AndroidManifest.xml:12:13-47
218            <meta-data
218-->[:share_plus] AndroidManifest.xml:13:13-15:68
219                android:name="android.support.FILE_PROVIDER_PATHS"
219-->[:share_plus] AndroidManifest.xml:14:17-67
220                android:resource="@xml/flutter_image_picker_file_paths" />
220-->[:share_plus] AndroidManifest.xml:15:17-65
221        </provider>
222
223        <activity
223-->[:url_launcher_android] AndroidManifest.xml:8:9-11:74
224            android:name="io.flutter.plugins.urllauncher.WebViewActivity"
224-->[:url_launcher_android] AndroidManifest.xml:9:13-74
225            android:exported="false"
225-->[:url_launcher_android] AndroidManifest.xml:10:13-37
226            android:theme="@android:style/Theme.NoTitleBar.Fullscreen" />
226-->[:url_launcher_android] AndroidManifest.xml:11:13-71
227        <activity
227-->[com.google.android.gms:play-services-auth:19.2.0] AndroidManifest.xml:23:9-27:75
228            android:name="com.google.android.gms.auth.api.signin.internal.SignInHubActivity"
228-->[com.google.android.gms:play-services-auth:19.2.0] AndroidManifest.xml:24:13-93
229            android:excludeFromRecents="true"
229-->[com.google.android.gms:play-services-auth:19.2.0] AndroidManifest.xml:25:13-46
230            android:exported="false"
230-->[com.google.android.gms:play-services-auth:19.2.0] AndroidManifest.xml:26:13-37
231            android:theme="@android:style/Theme.Translucent.NoTitleBar" />
231-->[com.google.android.gms:play-services-auth:19.2.0] AndroidManifest.xml:27:13-72
232        <!--
233            Service handling Google Sign-In user revocation. For apps that do not integrate with
234            Google Sign-In, this service will never be started.
235        -->
236        <service
236-->[com.google.android.gms:play-services-auth:19.2.0] AndroidManifest.xml:33:9-37:51
237            android:name="com.google.android.gms.auth.api.signin.RevocationBoundService"
237-->[com.google.android.gms:play-services-auth:19.2.0] AndroidManifest.xml:34:13-89
238            android:exported="true"
238-->[com.google.android.gms:play-services-auth:19.2.0] AndroidManifest.xml:35:13-36
239            android:permission="com.google.android.gms.auth.api.signin.permission.REVOCATION_NOTIFICATION"
239-->[com.google.android.gms:play-services-auth:19.2.0] AndroidManifest.xml:36:13-107
240            android:visibleToInstantApps="true" />
240-->[com.google.android.gms:play-services-auth:19.2.0] AndroidManifest.xml:37:13-48
241
242        <activity
242-->[com.facebook.android:facebook-common:15.0.1] AndroidManifest.xml:34:9-37:66
243            android:name="com.facebook.FacebookActivity"
243-->[com.facebook.android:facebook-common:15.0.1] AndroidManifest.xml:35:13-57
244            android:configChanges="keyboard|keyboardHidden|screenLayout|screenSize|orientation"
244-->[com.facebook.android:facebook-common:15.0.1] AndroidManifest.xml:36:13-96
245            android:theme="@style/com_facebook_activity_theme" />
245-->[com.facebook.android:facebook-common:15.0.1] AndroidManifest.xml:37:13-63
246        <activity android:name="com.facebook.CustomTabMainActivity" />
246-->[com.facebook.android:facebook-common:15.0.1] AndroidManifest.xml:38:9-71
246-->[com.facebook.android:facebook-common:15.0.1] AndroidManifest.xml:38:19-68
247        <activity
247-->[com.facebook.android:facebook-common:15.0.1] AndroidManifest.xml:39:9-53:20
248            android:name="com.facebook.CustomTabActivity"
248-->[com.facebook.android:facebook-common:15.0.1] AndroidManifest.xml:40:13-58
249            android:exported="true" >
249-->[com.facebook.android:facebook-common:15.0.1] AndroidManifest.xml:41:13-36
250            <intent-filter>
250-->[com.facebook.android:facebook-common:15.0.1] AndroidManifest.xml:43:13-52:29
251                <action android:name="android.intent.action.VIEW" />
251-->src/main/AndroidManifest.xml:51:17-69
251-->src/main/AndroidManifest.xml:51:25-66
252
253                <category android:name="android.intent.category.DEFAULT" />
253-->src/main/AndroidManifest.xml:53:17-76
253-->src/main/AndroidManifest.xml:53:27-73
254                <category android:name="android.intent.category.BROWSABLE" />
254-->src/main/AndroidManifest.xml:54:17-78
254-->src/main/AndroidManifest.xml:54:27-75
255
256                <data
256-->src/main/AndroidManifest.xml:56:17-75
257                    android:host="cct.com.example.klench_"
258                    android:scheme="fbconnect" />
258-->src/main/AndroidManifest.xml:56:23-72
259            </intent-filter>
260        </activity>
261        <activity
261-->[com.google.firebase:firebase-auth:21.0.8] AndroidManifest.xml:27:9-44:20
262            android:name="com.google.firebase.auth.internal.GenericIdpActivity"
262-->[com.google.firebase:firebase-auth:21.0.8] AndroidManifest.xml:28:13-80
263            android:excludeFromRecents="true"
263-->[com.google.firebase:firebase-auth:21.0.8] AndroidManifest.xml:29:13-46
264            android:exported="true"
264-->[com.google.firebase:firebase-auth:21.0.8] AndroidManifest.xml:30:13-36
265            android:launchMode="singleTask"
265-->[com.google.firebase:firebase-auth:21.0.8] AndroidManifest.xml:31:13-44
266            android:theme="@android:style/Theme.Translucent.NoTitleBar" >
266-->[com.google.firebase:firebase-auth:21.0.8] AndroidManifest.xml:32:13-72
267            <intent-filter>
267-->[com.google.firebase:firebase-auth:21.0.8] AndroidManifest.xml:33:13-43:29
268                <action android:name="android.intent.action.VIEW" />
268-->src/main/AndroidManifest.xml:51:17-69
268-->src/main/AndroidManifest.xml:51:25-66
269
270                <category android:name="android.intent.category.DEFAULT" />
270-->src/main/AndroidManifest.xml:53:17-76
270-->src/main/AndroidManifest.xml:53:27-73
271                <category android:name="android.intent.category.BROWSABLE" />
271-->src/main/AndroidManifest.xml:54:17-78
271-->src/main/AndroidManifest.xml:54:27-75
272
273                <data
273-->src/main/AndroidManifest.xml:56:17-75
274                    android:host="firebase.auth"
275                    android:path="/"
276                    android:scheme="genericidp" />
276-->src/main/AndroidManifest.xml:56:23-72